2026-01-09 16:00:31.888 [] ERROR com.lhcz.db2es.core.EsSink - Failed to flush batch after retries! Data may be lost.
2026-01-09 16:01:54.148 [] ERROR com.lhcz.db2es.core.EsSink - Failed to flush batch after retries! Data may be lost.
2026-01-09 16:02:00.331 [] ERROR com.lhcz.db2es.core.EsSink - Failed to flush batch after retries! Data may be lost.
2026-01-09 16:02:20.509 [] ERROR com.lhcz.db2es.core.EsSink - Failed to flush batch after retries! Data may be lost.
2026-01-09 16:02:26.689 [] ERROR com.lhcz.db2es.core.EsSink - Failed to flush batch after retries! Data may be lost.
2026-01-09 16:02:32.867 [] ERROR com.lhcz.db2es.core.EsSink - Failed to flush batch after retries! Data may be lost.
2026-01-09 16:02:42.820 [] ERROR com.lhcz.db2es.core.EsSink - Failed to flush batch after retries! Data may be lost.
2026-01-09 16:04:39.929 [] ERROR com.lhcz.db2es.core.EsSink - Failed to flush batch after retries! Data may be lost.
2026-01-09 18:01:54.967 [] ERROR com.lhcz.db2es.core.EsSink - ❌ Bulk write FAILED (Logic Error)! Reason: {"type":"mapper_parsing_exception","reason":"failed to parse field [pass_time] of type [date] in document with id '46011819'","caused_by":{"type":"illegal_argument_exception","reason":"Invalid format: \"1767127088150\" is malformed at \"8150\""}}
2026-01-09 18:01:54.967 [] ERROR com.lhcz.db2es.core.EsSink - Failed to flush batch after retries! Data may be lost.
2026-01-09 18:02:02.759 [] ERROR com.lhcz.db2es.core.EsSink - ❌ Bulk write FAILED (Logic Error)! Reason: {"type":"mapper_parsing_exception","reason":"failed to parse field [pass_time] of type [date] in document with id '46111819'","caused_by":{"type":"illegal_argument_exception","reason":"Invalid format: \"1767203360415\" is malformed at \"0415\""}}
2026-01-09 18:02:02.759 [] ERROR com.lhcz.db2es.core.EsSink - Failed to flush batch after retries! Data may be lost.
2026-01-09 18:51:27.009 [] ERROR com.lhcz.db2es.core.JdbcSource - Source error
java.sql.SQLTransientConnectionException: HikariPool-1 - Connection is not available, request timed out after 30010ms (total=0, active=0, idle=0, waiting=1)
	at com.zaxxer.hikari.pool.HikariPool.createTimeoutException(HikariPool.java:686)
	at com.zaxxer.hikari.pool.HikariPool.getConnection(HikariPool.java:179)
	at com.zaxxer.hikari.pool.HikariPool.getConnection(HikariPool.java:144)
	at com.zaxxer.hikari.HikariDataSource.getConnection(HikariDataSource.java:99)
	at com.lhcz.db2es.core.JdbcSource.run(JdbcSource.java:46)
	at java.base/java.util.concurrent.Executors$RunnableAdapter.call(Executors.java:545)
	at java.base/java.util.concurrent.FutureTask.run(FutureTask.java:328)
	at java.base/java.util.concurrent.ThreadPerTaskExecutor$ThreadBoundFuture.run(ThreadPerTaskExecutor.java:323)
	at java.base/java.lang.VirtualThread.run(VirtualThread.java:456)
Caused by: org.postgresql.util.PSQLException: This connection has been closed.
	at org.postgresql.jdbc.PgConnection.checkClosed(PgConnection.java:993)
	at org.postgresql.jdbc.PgConnection.setNetworkTimeout(PgConnection.java:1694)
	at com.zaxxer.hikari.pool.PoolBase.setNetworkTimeout(PoolBase.java:562)
	at com.zaxxer.hikari.pool.PoolBase.isConnectionDead(PoolBase.java:169)
	at com.zaxxer.hikari.pool.HikariPool.getConnection(HikariPool.java:168)
	... 7 common frames omitted
2026-01-09 18:51:27.456 [] ERROR com.lhcz.db2es.core.JdbcSource - Source error
java.sql.SQLTransientConnectionException: HikariPool-1 - Connection is not available, request timed out after 30008ms (total=0, active=0, idle=0, waiting=0)
	at com.zaxxer.hikari.pool.HikariPool.createTimeoutException(HikariPool.java:686)
	at com.zaxxer.hikari.pool.HikariPool.getConnection(HikariPool.java:179)
	at com.zaxxer.hikari.pool.HikariPool.getConnection(HikariPool.java:144)
	at com.zaxxer.hikari.HikariDataSource.getConnection(HikariDataSource.java:99)
	at com.lhcz.db2es.core.JdbcSource.run(JdbcSource.java:46)
	at java.base/java.util.concurrent.Executors$RunnableAdapter.call(Executors.java:545)
	at java.base/java.util.concurrent.FutureTask.run(FutureTask.java:328)
	at java.base/java.util.concurrent.ThreadPerTaskExecutor$ThreadBoundFuture.run(ThreadPerTaskExecutor.java:323)
	at java.base/java.lang.VirtualThread.run(VirtualThread.java:456)
Caused by: org.postgresql.util.PSQLException: This connection has been closed.
	at org.postgresql.jdbc.PgConnection.checkClosed(PgConnection.java:993)
	at org.postgresql.jdbc.PgConnection.setNetworkTimeout(PgConnection.java:1694)
	at com.zaxxer.hikari.pool.PoolBase.setNetworkTimeout(PoolBase.java:562)
	at com.zaxxer.hikari.pool.PoolBase.isConnectionDead(PoolBase.java:169)
	at com.zaxxer.hikari.pool.HikariPool.getConnection(HikariPool.java:168)
	... 7 common frames omitted
